0 verbose cli /usr/local/bin/node /usr/local/bin/npm
1 info using npm@10.5.0
2 info using node@v21.7.3
3 timing npm:load:whichnode Completed in 2ms
4 timing config:load:defaults Completed in 2ms
5 timing config:load:file:/usr/local/lib/node_modules/npm/npmrc Completed in 1ms
6 timing config:load:builtin Completed in 2ms
7 timing config:load:cli Completed in 2ms
8 timing config:load:env Completed in 1ms
9 timing config:load:project Completed in 2ms
10 timing config:load:file:/home/user/.npmrc Completed in 0ms
11 timing config:load:user Completed in 0ms
12 timing config:load:file:/usr/local/etc/npmrc Completed in 0ms
13 timing config:load:global Completed in 0ms
14 timing config:load:setEnvs Completed in 2ms
15 timing config:load Completed in 11ms
16 timing npm:load:configload Completed in 11ms
17 timing config:load:flatten Completed in 3ms
18 timing npm:load:mkdirpcache Completed in 1ms
19 timing npm:load:mkdirplogs Completed in 1ms
20 verbose title npm install
21 verbose argv "install"
22 timing npm:load:setTitle Completed in 1ms
23 timing npm:load:display Completed in 1ms
24 verbose logfile logs-max:10 dir:/home/user/.npm/_logs/2025-08-06T14_48_32_105Z-
25 verbose logfile /home/user/.npm/_logs/2025-08-06T14_48_32_105Z-debug-0.log
26 timing npm:load:logFile Completed in 11ms
27 timing npm:load:timers Completed in 0ms
28 timing npm:load:configScope Completed in 0ms
29 timing npm:load Completed in 52ms
30 timing arborist:ctor Completed in 1ms
31 silly logfile done cleaning log files
32 timing idealTree:init Completed in 228ms
33 timing idealTree:userRequests Completed in 0ms
34 silly idealTree buildDeps
35 timing idealTree:#root Completed in 1ms
36 timing idealTree:buildDeps Completed in 2ms
37 timing idealTree:fixDepFlags Completed in 0ms
38 timing idealTree Completed in 236ms
39 verbose shrinkwrap failed to load node_modules/.package-lock.json out of date, updated: node_modules
40 http fetch GET 200 https://registry.npmjs.org/npm 436ms
41 timing reify:loadTrees Completed in 1640ms
42 timing reify:diffTrees Completed in 12ms
43 silly reify moves {}
44 timing reify:retireShallow Completed in 3ms
45 timing reify:createSparse Completed in 6ms
46 timing reify:loadBundles Completed in 0ms
47 silly audit bulk request {
47 silly audit   '@alloc/quick-lru': [ '5.2.0' ],
47 silly audit   '@babel/runtime': [ '7.28.2' ],
47 silly audit   '@date-fns/tz': [ '1.3.1' ],
47 silly audit   '@floating-ui/core': [ '1.7.3' ],
47 silly audit   '@floating-ui/dom': [ '1.7.3' ],
47 silly audit   '@floating-ui/react-dom': [ '2.1.5' ],
47 silly audit   '@floating-ui/utils': [ '0.2.10' ],
47 silly audit   '@hookform/resolvers': [ '5.2.1' ],
47 silly audit   '@isaacs/cliui': [ '8.0.2' ],
47 silly audit   '@jridgewell/gen-mapping': [ '0.3.12' ],
47 silly audit   '@jridgewell/resolve-uri': [ '3.1.2' ],
47 silly audit   '@jridgewell/sourcemap-codec': [ '1.5.4' ],
47 silly audit   '@jridgewell/trace-mapping': [ '0.3.29' ],
47 silly audit   '@next/env': [ '14.2.20' ],
47 silly audit   '@next/swc-darwin-arm64': [ '14.2.20' ],
47 silly audit   '@next/swc-darwin-x64': [ '14.2.20' ],
47 silly audit   '@next/swc-linux-arm64-gnu': [ '14.2.20' ],
47 silly audit   '@next/swc-linux-arm64-musl': [ '14.2.20' ],
47 silly audit   '@next/swc-linux-x64-gnu': [ '14.2.20' ],
47 silly audit   '@next/swc-linux-x64-musl': [ '14.2.20' ],
47 silly audit   '@next/swc-win32-arm64-msvc': [ '14.2.20' ],
47 silly audit   '@next/swc-win32-ia32-msvc': [ '14.2.20' ],
47 silly audit   '@next/swc-win32-x64-msvc': [ '14.2.20' ],
47 silly audit   '@nodelib/fs.scandir': [ '2.1.5' ],
47 silly audit   '@nodelib/fs.stat': [ '2.0.5' ],
47 silly audit   '@nodelib/fs.walk': [ '1.2.8' ],
47 silly audit   '@pkgjs/parseargs': [ '0.11.0' ],
47 silly audit   '@radix-ui/number': [ '1.1.1' ],
47 silly audit   '@radix-ui/primitive': [ '1.1.2' ],
47 silly audit   '@radix-ui/react-accordion': [ '1.2.11' ],
47 silly audit   '@radix-ui/react-alert-dialog': [ '1.1.14' ],
47 silly audit   '@radix-ui/react-arrow': [ '1.1.7' ],
47 silly audit   '@radix-ui/react-aspect-ratio': [ '1.1.7' ],
47 silly audit   '@radix-ui/react-avatar': [ '1.1.10' ],
47 silly audit   '@radix-ui/react-checkbox': [ '1.3.2' ],
47 silly audit   '@radix-ui/react-collapsible': [ '1.1.11' ],
47 silly audit   '@radix-ui/react-collection': [ '1.1.7' ],
47 silly audit   '@radix-ui/react-compose-refs': [ '1.1.2' ],
47 silly audit   '@radix-ui/react-context': [ '1.1.2' ],
47 silly audit   '@radix-ui/react-context-menu': [ '2.2.15' ],
47 silly audit   '@radix-ui/react-dialog': [ '1.1.14' ],
47 silly audit   '@radix-ui/react-direction': [ '1.1.1' ],
47 silly audit   '@radix-ui/react-dismissable-layer': [ '1.1.10' ],
47 silly audit   '@radix-ui/react-dropdown-menu': [ '2.1.15' ],
47 silly audit   '@radix-ui/react-focus-guards': [ '1.1.2' ],
47 silly audit   '@radix-ui/react-focus-scope': [ '1.1.7' ],
47 silly audit   '@radix-ui/react-hover-card': [ '1.1.14' ],
47 silly audit   '@radix-ui/react-id': [ '1.1.1' ],
47 silly audit   '@radix-ui/react-label': [ '2.1.7' ],
47 silly audit   '@radix-ui/react-menu': [ '2.1.15' ],
47 silly audit   '@radix-ui/react-menubar': [ '1.1.15' ],
47 silly audit   '@radix-ui/react-navigation-menu': [ '1.2.13' ],
47 silly audit   '@radix-ui/react-popover': [ '1.1.14' ],
47 silly audit   '@radix-ui/react-popper': [ '1.2.7' ],
47 silly audit   '@radix-ui/react-portal': [ '1.1.9' ],
47 silly audit   '@radix-ui/react-presence': [ '1.1.4' ],
47 silly audit   '@radix-ui/react-primitive': [ '2.1.3' ],
47 silly audit   '@radix-ui/react-progress': [ '1.1.7' ],
47 silly audit   '@radix-ui/react-radio-group': [ '1.3.7' ],
47 silly audit   '@radix-ui/react-roving-focus': [ '1.1.10' ],
47 silly audit   '@radix-ui/react-scroll-area': [ '1.2.9' ],
47 silly audit   '@radix-ui/react-select': [ '2.2.5' ],
47 silly audit   '@radix-ui/react-separator': [ '1.1.7' ],
47 silly audit   '@radix-ui/react-slider': [ '1.3.5' ],
47 silly audit   '@radix-ui/react-slot': [ '1.2.3' ],
47 silly audit   '@radix-ui/react-switch': [ '1.2.5' ],
47 silly audit   '@radix-ui/react-tabs': [ '1.1.12' ],
47 silly audit   '@radix-ui/react-toast': [ '1.2.14' ],
47 silly audit   '@radix-ui/react-toggle': [ '1.1.9' ],
47 silly audit   '@radix-ui/react-toggle-group': [ '1.1.10' ],
47 silly audit   '@radix-ui/react-tooltip': [ '1.2.7' ],
47 silly audit   '@radix-ui/react-use-callback-ref': [ '1.1.1' ],
47 silly audit   '@radix-ui/react-use-controllable-state': [ '1.2.2' ],
47 silly audit   '@radix-ui/react-use-effect-event': [ '0.0.2' ],
47 silly audit   '@radix-ui/react-use-escape-keydown': [ '1.1.1' ],
47 silly audit   '@radix-ui/react-use-is-hydrated': [ '0.1.0' ],
47 silly audit   '@radix-ui/react-use-layout-effect': [ '1.1.1' ],
47 silly audit   '@radix-ui/react-use-previous': [ '1.1.1' ],
47 silly audit   '@radix-ui/react-use-rect': [ '1.1.1' ],
47 silly audit   '@radix-ui/react-use-size': [ '1.1.1' ],
47 silly audit   '@radix-ui/react-visually-hidden': [ '1.2.3' ],
47 silly audit   '@radix-ui/rect': [ '1.1.1' ],
47 silly audit   '@standard-schema/utils': [ '0.3.0' ],
47 silly audit   '@swc/counter': [ '0.1.3' ],
47 silly audit   '@swc/helpers': [ '0.5.5' ],
47 silly audit   '@types/d3-array': [ '3.2.1' ],
47 silly audit   '@types/d3-color': [ '3.1.3' ],
47 silly audit   '@types/d3-ease': [ '3.0.2' ],
47 silly audit   '@types/d3-interpolate': [ '3.0.4' ],
47 silly audit   '@types/d3-path': [ '3.1.1' ],
47 silly audit   '@types/d3-scale': [ '4.0.9' ],
47 silly audit   '@types/d3-shape': [ '3.1.7' ],
47 silly audit   '@types/d3-time': [ '3.0.4' ],
47 silly audit   '@types/d3-timer': [ '3.0.2' ],
47 silly audit   '@types/node': [ '20.19.9' ],
47 silly audit   '@types/prop-types': [ '15.7.15' ],
47 silly audit   '@types/react': [ '18.3.23' ],
47 silly audit   '@types/react-dom': [ '18.3.7' ],
47 silly audit   'ansi-regex': [ '6.1.0', '5.0.1' ],
47 silly audit   'ansi-styles': [ '6.2.1', '4.3.0' ],
47 silly audit   'any-promise': [ '1.3.0' ],
47 silly audit   anymatch: [ '3.1.3' ],
47 silly audit   arg: [ '5.0.2' ],
47 silly audit   'aria-hidden': [ '1.2.6' ],
47 silly audit   'balanced-match': [ '1.0.2' ],
47 silly audit   'binary-extensions': [ '2.3.0' ],
47 silly audit   'brace-expansion': [ '2.0.2' ],
47 silly audit   braces: [ '3.0.3' ],
47 silly audit   busboy: [ '1.6.0' ],
47 silly audit   'camelcase-css': [ '2.0.1' ],
47 silly audit   'caniuse-lite': [ '1.0.30001731' ],
47 silly audit   chokidar: [ '3.6.0' ],
47 silly audit   'glob-parent': [ '5.1.2', '6.0.2' ],
47 silly audit   'class-variance-authority': [ '0.7.1' ],
47 silly audit   'client-only': [ '0.0.1' ],
47 silly audit   clsx: [ '2.1.1' ],
47 silly audit   cmdk: [ '1.1.1' ],
47 silly audit   'color-convert': [ '2.0.1' ],
47 silly audit   'color-name': [ '1.1.4' ],
47 silly audit   commander: [ '4.1.1' ],
47 silly audit   'cross-spawn': [ '7.0.6' ],
47 silly audit   cssesc: [ '3.0.0' ],
47 silly audit   csstype: [ '3.1.3' ],
47 silly audit   'd3-array': [ '3.2.4' ],
47 silly audit   'd3-color': [ '3.1.0' ],
47 silly audit   'd3-ease': [ '3.0.1' ],
47 silly audit   'd3-format': [ '3.1.0' ],
47 silly audit   'd3-interpolate': [ '3.0.1' ],
47 silly audit   'd3-path': [ '3.1.0' ],
47 silly audit   'd3-scale': [ '4.0.2' ],
47 silly audit   'd3-shape': [ '3.2.0' ],
47 silly audit   'd3-time': [ '3.1.0' ],
47 silly audit   'd3-time-format': [ '4.1.0' ],
47 silly audit   'd3-timer': [ '3.0.1' ],
47 silly audit   'date-fns': [ '4.1.0' ],
47 silly audit   'date-fns-jalali': [ '4.1.0-0' ],
47 silly audit   'decimal.js-light': [ '2.5.1' ],
47 silly audit   'detect-node-es': [ '1.1.0' ],
47 silly audit   didyoumean: [ '1.2.2' ],
47 silly audit   dlv: [ '1.1.3' ],
47 silly audit   'dom-helpers': [ '5.2.1' ],
47 silly audit   eastasianwidth: [ '0.2.0' ],
47 silly audit   'embla-carousel': [ '8.6.0' ],
47 silly audit   'embla-carousel-react': [ '8.6.0' ],
47 silly audit   'embla-carousel-reactive-utils': [ '8.6.0' ],
47 silly audit   'emoji-regex': [ '9.2.2', '8.0.0' ],
47 silly audit   eventemitter3: [ '4.0.7' ],
47 silly audit   'fast-equals': [ '5.2.2' ],
47 silly audit   'fast-glob': [ '3.3.3' ],
47 silly audit   fastq: [ '1.19.1' ],
47 silly audit   'fill-range': [ '7.1.1' ],
47 silly audit   'foreground-child': [ '3.3.1' ],
47 silly audit   fsevents: [ '2.3.3' ],
47 silly audit   'function-bind': [ '1.1.2' ],
47 silly audit   'get-nonce': [ '1.0.1' ],
47 silly audit   glob: [ '10.4.5' ],
47 silly audit   'graceful-fs': [ '4.2.11' ],
47 silly audit   hasown: [ '2.0.2' ],
47 silly audit   'input-otp': [ '1.4.2' ],
47 silly audit   internmap: [ '2.0.3' ],
47 silly audit   'is-binary-path': [ '2.1.0' ],
47 silly audit   'is-core-module': [ '2.16.1' ],
47 silly audit   'is-extglob': [ '2.1.1' ],
47 silly audit   'is-fullwidth-code-point': [ '3.0.0' ],
47 silly audit   'is-glob': [ '4.0.3' ],
47 silly audit   'is-number': [ '7.0.0' ],
47 silly audit   isexe: [ '2.0.0' ],
47 silly audit   jackspeak: [ '3.4.3' ],
47 silly audit   jiti: [ '1.21.7' ],
47 silly audit   'js-tokens': [ '4.0.0' ],
47 silly audit   lilconfig: [ '3.1.3' ],
47 silly audit   'lines-and-columns': [ '1.2.4' ],
47 silly audit   lodash: [ '4.17.21' ],
47 silly audit   'loose-envify': [ '1.4.0' ],
47 silly audit   'lru-cache': [ '10.4.3' ],
47 silly audit   'lucide-react': [ '0.536.0' ],
47 silly audit   merge2: [ '1.4.1' ],
47 silly audit   micromatch: [ '4.0.8' ],
47 silly audit   minimatch: [ '9.0.5' ],
47 silly audit   minipass: [ '7.1.2' ],
47 silly audit   mz: [ '2.7.0' ],
47 silly audit   nanoid: [ '3.3.11' ],
47 silly audit   next: [ '14.2.20' ],
47 silly audit   'next-themes': [ '0.4.6' ],
47 silly audit   postcss: [ '8.4.31', '8.5.6' ],
47 silly audit   'normalize-path': [ '3.0.0' ],
47 silly audit   'object-assign': [ '4.1.1' ],
47 silly audit   'object-hash': [ '3.0.0' ],
47 silly audit   'package-json-from-dist': [ '1.0.1' ],
47 silly audit   'path-key': [ '3.1.1' ],
47 silly audit   'path-parse': [ '1.0.7' ],
47 silly audit   'path-scurry': [ '1.11.1' ],
47 silly audit   picocolors: [ '1.1.1' ],
47 silly audit   picomatch: [ '2.3.1' ],
47 silly audit   pify: [ '2.3.0' ],
47 silly audit   pirates: [ '4.0.7' ],
47 silly audit   'postcss-import': [ '15.1.0' ],
47 silly audit   'postcss-js': [ '4.0.1' ],
47 silly audit   'postcss-nested': [ '6.2.0' ],
47 silly audit   'postcss-selector-parser': [ '6.1.2' ],
47 silly audit   'postcss-value-parser': [ '4.2.0' ],
47 silly audit   'prop-types': [ '15.8.1' ],
47 silly audit   'react-is': [ '16.13.1', '18.3.1' ],
47 silly audit   'queue-microtask': [ '1.2.3' ],
47 silly audit   react: [ '18.3.1' ],
47 silly audit   'react-day-picker': [ '9.8.1' ],
47 silly audit   'react-dom': [ '18.3.1' ],
47 silly audit   'react-hook-form': [ '7.62.0' ],
47 silly audit   'react-remove-scroll': [ '2.7.1' ],
47 silly audit   'react-remove-scroll-bar': [ '2.3.8' ],
47 silly audit   'react-resizable-panels': [ '3.0.4' ],
47 silly audit   'react-smooth': [ '4.0.4' ],
47 silly audit   'react-style-singleton': [ '2.2.3' ],
47 silly audit   'react-transition-group': [ '4.4.5' ],
47 silly audit   'read-cache': [ '1.0.0' ],
47 silly audit   readdirp: [ '3.6.0' ],
47 silly audit   recharts: [ '2.15.4' ],
47 silly audit   'recharts-scale': [ '0.4.5' ],
47 silly audit   resolve: [ '1.22.10' ],
47 silly audit   reusify: [ '1.1.0' ],
47 silly audit   'run-parallel': [ '1.2.0' ],
47 silly audit   scheduler: [ '0.23.2' ],
47 silly audit   'shebang-command': [ '2.0.0' ],
47 silly audit   'shebang-regex': [ '3.0.0' ],
47 silly audit   'signal-exit': [ '4.1.0' ],
47 silly audit   sonner: [ '2.0.7' ],
47 silly audit   'source-map-js': [ '1.2.1' ],
47 silly audit   streamsearch: [ '1.1.0' ],
47 silly audit   'string-width': [ '5.1.2', '4.2.3' ],
47 silly audit   'strip-ansi': [ '6.0.1', '7.1.0' ],
47 silly audit   'styled-jsx': [ '5.1.1' ],
47 silly audit   sucrase: [ '3.35.0' ],
47 silly audit   'supports-preserve-symlinks-flag': [ '1.0.0' ],
47 silly audit   'tailwind-merge': [ '3.3.1' ],
47 silly audit   tailwindcss: [ '3.4.17' ],
47 silly audit   'tailwindcss-animate': [ '1.0.7' ],
47 silly audit   'postcss-load-config': [ '4.0.2' ],
47 silly audit   thenify: [ '3.3.1' ],
47 silly audit   'thenify-all': [ '1.6.0' ],
47 silly audit   'tiny-invariant': [ '1.3.3' ],
47 silly audit   'to-regex-range': [ '5.0.1' ],
47 silly audit   'ts-interface-checker': [ '0.1.13' ],
47 silly audit   tslib: [ '2.8.1' ],
47 silly audit   typescript: [ '5.9.2' ],
47 silly audit   'undici-types': [ '6.21.0' ],
47 silly audit   'use-callback-ref': [ '1.3.3' ],
47 silly audit   'use-sidecar': [ '1.1.3' ],
47 silly audit   'use-sync-external-store': [ '1.5.0' ],
47 silly audit   'util-deprecate': [ '1.0.2' ],
47 silly audit   vaul: [ '1.1.2' ],
47 silly audit   'victory-vendor': [ '36.9.2' ],
47 silly audit   which: [ '2.0.2' ],
47 silly audit   'wrap-ansi': [ '8.1.0', '7.0.0' ],
47 silly audit   yaml: [ '2.8.1' ],
47 silly audit   zod: [ '4.0.14' ]
47 silly audit }
48 verbose reify failed optional dependency /home/user/node_modules/fsevents
49 silly reify mark deleted [ '/home/user/node_modules/fsevents' ]
50 verbose reify failed optional dependency /home/user/node_modules/@next/swc-win32-x64-msvc
51 silly reify mark deleted [ '/home/user/node_modules/@next/swc-win32-x64-msvc' ]
52 verbose reify failed optional dependency /home/user/node_modules/@next/swc-win32-ia32-msvc
53 silly reify mark deleted [ '/home/user/node_modules/@next/swc-win32-ia32-msvc' ]
54 verbose reify failed optional dependency /home/user/node_modules/@next/swc-win32-arm64-msvc
55 silly reify mark deleted [ '/home/user/node_modules/@next/swc-win32-arm64-msvc' ]
56 verbose reify failed optional dependency /home/user/node_modules/@next/swc-linux-arm64-musl
57 silly reify mark deleted [ '/home/user/node_modules/@next/swc-linux-arm64-musl' ]
58 verbose reify failed optional dependency /home/user/node_modules/@next/swc-linux-arm64-gnu
59 silly reify mark deleted [ '/home/user/node_modules/@next/swc-linux-arm64-gnu' ]
60 verbose reify failed optional dependency /home/user/node_modules/@next/swc-darwin-x64
61 silly reify mark deleted [ '/home/user/node_modules/@next/swc-darwin-x64' ]
62 verbose reify failed optional dependency /home/user/node_modules/@next/swc-darwin-arm64
63 silly reify mark deleted [ '/home/user/node_modules/@next/swc-darwin-arm64' ]
64 timing reifyNode:node_modules/fsevents Completed in 8ms
65 timing reifyNode:node_modules/@next/swc-win32-x64-msvc Completed in 7ms
66 timing reifyNode:node_modules/@next/swc-win32-ia32-msvc Completed in 7ms
67 timing reifyNode:node_modules/@next/swc-win32-arm64-msvc Completed in 7ms
68 timing reifyNode:node_modules/@next/swc-linux-arm64-musl Completed in 7ms
69 timing reifyNode:node_modules/@next/swc-linux-arm64-gnu Completed in 7ms
70 timing reifyNode:node_modules/@next/swc-darwin-x64 Completed in 6ms
71 timing reifyNode:node_modules/@next/swc-darwin-arm64 Completed in 6ms
72 timing reify:unpack Completed in 8ms
73 timing reify:unretire Completed in 1ms
74 timing build:queue Completed in 2ms
75 timing build:deps Completed in 3ms
76 timing build Completed in 3ms
77 timing reify:build Completed in 3ms
78 timing reify:trash Completed in 4ms
79 timing reify:save Completed in 203ms
80 http fetch POST 200 https://registry.npmjs.org/-/npm/v1/security/advisories/bulk 299ms
81 timing auditReport:getReport Completed in 307ms
82 silly audit report {
82 silly audit report   next: [
82 silly audit report     {
82 silly audit report       id: 1101438,
82 silly audit report       url: 'https://github.com/advisories/GHSA-7m27-7ghc-44w9',
82 silly audit report       title: 'Next.js Allows a Denial of Service (DoS) with Server Actions',
82 silly audit report       severity: 'moderate',
82 silly audit report       vulnerable_versions: '>=14.0.0 <14.2.21',
82 silly audit report       cwe: [Array],
82 silly audit report       cvss: [Object]
82 silly audit report     },
82 silly audit report     {
82 silly audit report       id: 1104490,
82 silly audit report       url: 'https://github.com/advisories/GHSA-qpjv-v59x-3qc4',
82 silly audit report       title: 'Next.js Race Condition to Cache Poisoning',
82 silly audit report       severity: 'low',
82 silly audit report       vulnerable_versions: '<14.2.24',
82 silly audit report       cwe: [Array],
82 silly audit report       cvss: [Object]
82 silly audit report     },
82 silly audit report     {
82 silly audit report       id: 1105461,
82 silly audit report       url: 'https://github.com/advisories/GHSA-3h52-269p-cp9r',
82 silly audit report       title: 'Information exposure in Next.js dev server due to lack of origin verification',
82 silly audit report       severity: 'low',
82 silly audit report       vulnerable_versions: '>=13.0 <14.2.30',
82 silly audit report       cwe: [Array],
82 silly audit report       cvss: [Object]
82 silly audit report     },
82 silly audit report     {
82 silly audit report       id: 1106692,
82 silly audit report       url: 'https://github.com/advisories/GHSA-f82v-jwr5-mffw',
82 silly audit report       title: 'Authorization Bypass in Next.js Middleware',
82 silly audit report       severity: 'critical',
82 silly audit report       vulnerable_versions: '>=14.0.0 <14.2.25',
82 silly audit report       cwe: [Array],
82 silly audit report       cvss: [Object]
82 silly audit report     }
82 silly audit report   ]
82 silly audit report }
83 timing metavuln:cache:get:security-advisory:next:NpdQYf+4OaOvlNiZgkhHLNCcOTe84gjeay11sdJQ2HSe2hRovddeIJqZfGwiLh+ns7klO1J2oxhVS+ou+h9gmw== Completed in 4ms
84 timing metavuln:cache:get:security-advisory:next:btFh+2S8xCO1VFXtKw21JNgTZguygYywrt+yYe2IQMg5KMej9Yt64Oq7sohV8Ne/tkc+lrabE1U8zNbwu1zd8w== Completed in 3ms
85 timing metavuln:cache:get:security-advisory:next:WrVaG6WkSvpCYPPQKNUv2SLuXz5XL9xKn9KHPtqw/Y+V4JFUbfvGu7iPZR/4d1/dHzlII2csAkP3UXbKSPpZTA== Completed in 3ms
86 timing metavuln:cache:get:security-advisory:next:CV7lt5MQDUz4tED7o2OBMGTumPYXERKv+kDnILjTlXSt8aUW0w4X9yNRkBaVXVtFGBOkiyb9FDMF8x+xdbxStg== Completed in 3ms
87 http fetch GET 200 https://registry.npmjs.org/next 548ms (cache miss)
88 timing metavuln:packument:next Completed in 1032ms
89 timing metavuln:load:security-advisory:next:1101438 Completed in 118ms
90 timing metavuln:load:security-advisory:next:1104490 Completed in 130ms
91 timing metavuln:load:security-advisory:next:1105461 Completed in 111ms
92 timing metavuln:load:security-advisory:next:1106692 Completed in 78ms
93 timing metavuln:cache:put:security-advisory:next:NpdQYf+4OaOvlNiZgkhHLNCcOTe84gjeay11sdJQ2HSe2hRovddeIJqZfGwiLh+ns7klO1J2oxhVS+ou+h9gmw== Completed in 334ms
94 timing metavuln:calculate:security-advisory:next:1101438 Completed in 1487ms
95 timing metavuln:cache:put:security-advisory:next:CV7lt5MQDUz4tED7o2OBMGTumPYXERKv+kDnILjTlXSt8aUW0w4X9yNRkBaVXVtFGBOkiyb9FDMF8x+xdbxStg== Completed in 10ms
96 timing metavuln:calculate:security-advisory:next:1106692 Completed in 1485ms
97 timing metavuln:cache:put:security-advisory:next:WrVaG6WkSvpCYPPQKNUv2SLuXz5XL9xKn9KHPtqw/Y+V4JFUbfvGu7iPZR/4d1/dHzlII2csAkP3UXbKSPpZTA== Completed in 90ms
98 timing metavuln:calculate:security-advisory:next:1105461 Completed in 1485ms
99 timing metavuln:cache:put:security-advisory:next:btFh+2S8xCO1VFXtKw21JNgTZguygYywrt+yYe2IQMg5KMej9Yt64Oq7sohV8Ne/tkc+lrabE1U8zNbwu1zd8w== Completed in 204ms
100 timing metavuln:calculate:security-advisory:next:1104490 Completed in 1487ms
101 timing auditReport:init Completed in 1552ms
102 timing reify:audit Completed in 1860ms
103 timing reify Completed in 3599ms
104 silly ADD
105 silly ADD
106 silly ADD
107 silly ADD
108 silly ADD
109 silly ADD
110 silly ADD
111 silly ADD
112 timing command:install Completed in 3667ms
113 notice
113 notice New major version of npm available! 10.5.0 -> 11.5.2
113 notice Changelog: <https://github.com/npm/cli/releases/tag/v11.5.2>
113 notice Run `npm install -g npm@11.5.2` to update!
113 notice
114 verbose exit 0
115 timing npm Completed in 4340ms
116 info ok
